2004.12.02 09:55 B G:\edu365\infantil\poesia\nadal\pdf\01canco.pdf <-- jbc /export/home/users/jantoja/html/poesia/nadal/pdf 01canco.pdf
2004.12.02 09:55 B G:\edu365\infantil\poesia\nadal\pdf\02reis.pdf <-- jbc /export/home/users/jantoja/html/poesia/nadal/pdf 02reis.pdf
2004.12.02 09:55 B G:\edu365\infantil\poesia\nadal\pdf\03poema.pdf <-- jbc /export/home/users/jantoja/html/poesia/nadal/pdf 03poema.pdf
2004.12.02 09:55 B G:\edu365\infantil\poesia\nadal\pdf\04pesse.pdf <-- jbc /export/home/users/jantoja/html/poesia/nadal/pdf 04pesse.pdf
2004.12.02 09:55 B G:\edu365\infantil\poesia\nadal\pdf\05feste.pdf <-- jbc /export/home/users/jantoja/html/poesia/nadal/pdf 05feste.pdf
2004.12.02 09:55 B G:\edu365\infantil\poesia\nadal\pdf\06desem.pdf <-- jbc /export/home/users/jantoja/html/poesia/nadal/pdf 06desem.pdf
2004.12.02 09:55 B G:\edu365\infantil\poesia\nadal\pdf\07jogui.pdf <-- jbc /export/home/users/jantoja/html/poesia/nadal/pdf 07jogui.pdf
2004.12.02 09:55 B G:\edu365\infantil\poesia\nadal\pdf\08tio.pdf <-- jbc /export/home/users/jantoja/html/poesia/nadal/pdf 08tio.pdf
2004.12.02 09:55 B G:\edu365\infantil\poesia\nadal\pdf\09nadal.pdf <-- jbc /export/home/users/jantoja/html/poesia/nadal/pdf 09nadal.pdf
2004.12.02 09:55 B G:\edu365\infantil\poesia\nadal\pdf\10bonna.pdf <-- jbc /export/home/users/jantoja/html/poesia/nadal/pdf 10bonna.pdf
2004.12.02 10:55 B g:\edu365\infantil\poesia\nadal\pdf\01canco.pdf --> www.edu365.com /www80/docs/infantil/poesia/nadal/pdf 01canco.pdf
2004.12.02 10:55 B g:\edu365\infantil\poesia\nadal\pdf\02reis.pdf --> www.edu365.com /www80/docs/infantil/poesia/nadal/pdf 02reis.pdf
2004.12.02 10:55 B g:\edu365\infantil\poesia\nadal\pdf\03poema.pdf --> www.edu365.com /www80/docs/infantil/poesia/nadal/pdf 03poema.pdf
2004.12.02 10:55 B g:\edu365\infantil\poesia\nadal\pdf\04pesse.pdf --> www.edu365.com /www80/docs/infantil/poesia/nadal/pdf 04pesse.pdf
2004.12.02 10:55 B g:\edu365\infantil\poesia\nadal\pdf\05feste.pdf --> www.edu365.com /www80/docs/infantil/poesia/nadal/pdf 05feste.pdf
2004.12.02 10:55 B g:\edu365\infantil\poesia\nadal\pdf\06desem.pdf --> www.edu365.com /www80/docs/infantil/poesia/nadal/pdf 06desem.pdf
2004.12.02 10:55 B g:\edu365\infantil\poesia\nadal\pdf\07jogui.pdf --> www.edu365.com /www80/docs/infantil/poesia/nadal/pdf 07jogui.pdf
2004.12.02 10:55 B g:\edu365\infantil\poesia\nadal\pdf\08tio.pdf --> www.edu365.com /www80/docs/infantil/poesia/nadal/pdf 08tio.pdf
2004.12.02 10:55 B g:\edu365\infantil\poesia\nadal\pdf\09nadal.pdf --> www.edu365.com /www80/docs/infantil/poesia/nadal/pdf 09nadal.pdf
2004.12.02 10:55 B g:\edu365\infantil\poesia\nadal\pdf\10bonna.pdf --> www.edu365.com /www80/docs/infantil/poesia/nadal/pdf 10bonna.pdf
2004.12.02 10:55 B g:\edu365\infantil\poesia\nadal\pdf\WS_FTP.LOG --> www.edu365.com /www80/docs/infantil/poesia/nadal/pdf WS_FTP.LOG
